\BOOKMARK [0][-]{chapter.1}{\376\377\000U\000v\000o\000d}{}% 1
\BOOKMARK [0][-]{chapter.2}{\376\377\000S\000i\000m\000u\000l\000a\000t\000o\000r\000\040\000e\000l\000e\000k\000t\000r\000o\000s\000t\000a\000t\000i\001\015\000n\000e\000\040\000r\000a\000z\000e\000l\000e\000k\000t\000r\000i\000t\000v\000e}{}% 2
\BOOKMARK [1][-]{section.2.1}{\376\377\000P\000r\000a\000k\000t\000i\001\015\000n\000o\000\040\000u\000p\000o\000s\000a\000b\000l\000j\000a\000n\000j\000e}{chapter.2}% 3
\BOOKMARK [1][-]{section.2.2}{\376\377\000Z\000a\000s\000n\000o\000v\000a\000\040\000s\000i\000m\000u\000l\000a\000t\000o\000r\000j\000a\000\040\000e\000l\000e\000k\000t\000r\000o\000s\000t\000a\000t\000i\001\015\000n\000e\000\040\000r\000a\000z\000e\000l\000e\000k\000t\000r\000i\000t\000v\000e}{chapter.2}% 4
\BOOKMARK [2][-]{subsection.2.2.1}{\376\377\000M\000o\000d\000u\000l\000i\000\040\000s\000i\000m\000u\000l\000a\000t\000o\000r\000j\000a}{section.2.2}% 5
\BOOKMARK [2][-]{subsection.2.2.2}{\376\377\000N\000a\000s\000t\000a\000v\000l\000j\000i\000v\000i\000\040\000v\000i\000s\000o\000k\000o\000n\000a\000p\000e\000t\000o\000s\000t\000n\000i\000\040\000n\000a\000p\000a\000j\000a\000l\000n\000i\000k}{section.2.2}% 6
\BOOKMARK [2][-]{subsection.2.2.3}{\376\377\000R\000e\000g\000u\000l\000a\000c\000i\000j\000a\000\040\000n\000a\000p\000e\000t\000o\000s\000t\000i}{section.2.2}% 7
\BOOKMARK [3][-]{subsubsection.2.2.3.1}{\376\377\000L\000M\0005\0001\0005\0005}{subsection.2.2.3}% 8
\BOOKMARK [3][-]{subsubsection.2.2.3.2}{\376\377\000U\000C\000C\0002\0008\0007\0004\0000\000-\000Q\0001}{subsection.2.2.3}% 9
\BOOKMARK [3][-]{subsubsection.2.2.3.3}{\376\377\000L\000T\0003\0007\0004\0008}{subsection.2.2.3}% 10
\BOOKMARK [3][-]{subsubsection.2.2.3.4}{\376\377\000L\000T\0003\0007\0005\0007}{subsection.2.2.3}% 11
\BOOKMARK [3][-]{subsubsection.2.2.3.5}{\376\377\000L\000T\0008\0003\0000\0004}{subsection.2.2.3}% 12
\BOOKMARK [3][-]{subsubsection.2.2.3.6}{\376\377\000U\000g\000o\000t\000o\000v\000i\000t\000v\000e}{subsection.2.2.3}% 13
\BOOKMARK [3][-]{subsubsection.2.2.3.7}{\376\377\000K\000r\000m\000i\000l\000n\000i\000k\000\040\000z\000\040\000m\000i\000k\000r\000o\000k\000r\000m\000i\000l\000n\000i\000k\000o\000m}{subsection.2.2.3}% 14
\BOOKMARK [2][-]{subsection.2.2.4}{\376\377\000V\000i\000s\000o\000k\000o\000n\000a\000p\000e\000t\000o\000s\000t\000n\000o\000\040\000s\000t\000i\000k\000a\000l\000o}{section.2.2}% 15
\BOOKMARK [3][-]{subsubsection.2.2.4.1}{\376\377\000K\000o\000m\000e\000r\000c\000i\000a\000l\000n\000o\000\040\000d\000o\000b\000a\000v\000l\000j\000i\000v\000i\000\040\000r\000e\000l\000e\000j\000i}{subsection.2.2.4}% 16
\BOOKMARK [3][-]{subsubsection.2.2.4.2}{\376\377\000K\000o\000m\000e\000r\000c\000i\000a\000l\000n\000a\000\040\000t\000r\000a\000n\000z\000i\000s\000t\000o\000r\000s\000k\000a\000\040\000r\000e\001\141\000i\000t\000e\000v}{subsection.2.2.4}% 17
\BOOKMARK [3][-]{subsubsection.2.2.4.3}{\376\377\000S\000a\000m\000o\000g\000r\000a\000d\000n\000j\000a\000\040\000t\000r\000a\000n\000z\000i\000s\000t\000o\000r\000s\000k\000e\000g\000a\000\040\000v\000i\000s\000o\000k\000o\000n\000a\000p\000e\000t\000o\000s\000t\000n\000e\000g\000a\000\040\000s\000t\000i\000k\000a\000l\000a}{subsection.2.2.4}% 18
\BOOKMARK [3][-]{subsubsection.2.2.4.4}{\376\377\000M\000e\000h\000a\000n\000s\000k\000a\000\040\000r\000e\001\141\000i\000t\000e\000v}{subsection.2.2.4}% 19
\BOOKMARK [0][-]{chapter.3}{\376\377\000S\000k\000l\000e\000p}{}% 20
